<?xml version="1.0" encoding="UTF-8"?>
<!-- Generated by org.testng.reporters.JUnitReportReporter -->
<testsuite skipped="14" hostname="CSPABOUSSELHAMI" name="test.sctest.AppTest" tests="15" failures="0" timestamp="26 mars 2018 11:07:08 GMT" time="34.271" errors="0">
  <testcase name="Test_SC_Boutique" time="34.271" classname="test.sctest.AppTest"/>
  <testcase name="Test_SC_GuideTV" classname="test.sctest.AppTest">
    <skipped/>
  </testcase> <!-- Test_SC_GuideTV -->
  <testcase name="Test_SC_ChaineTV" classname="test.sctest.AppTest">
    <skipped/>
  </testcase> <!-- Test_SC_ChaineTV -->
  <testcase name="Test_SC_Renseignement" classname="test.sctest.AppTest">
    <skipped/>
  </testcase> <!-- Test_SC_Renseignement -->
  <testcase name="Test_SC_Music" classname="test.sctest.AppTest">
    <skipped/>
  </testcase> <!-- Test_SC_Music -->
  <testcase name="Test_SC_Sport" classname="test.sctest.AppTest">
    <skipped/>
  </testcase> <!-- Test_SC_Sport -->
  <testcase name="Test_SC_VOD" classname="test.sctest.AppTest">
    <skipped/>
  </testcase> <!-- Test_SC_VOD -->
  <testcase name="Test_SC_Club" classname="test.sctest.AppTest">
    <skipped/>
  </testcase> <!-- Test_SC_Club -->
  <testcase name="Test_SC_Sport_Tt_Res" classname="test.sctest.AppTest">
    <skipped/>
  </testcase> <!-- Test_SC_Sport_Tt_Res -->
  <testcase name="Test_SC_Jeux" classname="test.sctest.AppTest">
    <skipped/>
  </testcase> <!-- Test_SC_Jeux -->
  <testcase name="Test_SC_Film" classname="test.sctest.AppTest">
    <skipped/>
  </testcase> <!-- Test_SC_Film -->
  <testcase name="Test_SC_Album" classname="test.sctest.AppTest">
    <skipped/>
  </testcase> <!-- Test_SC_Album -->
  <testcase name="Test_SC_Meteo" classname="test.sctest.AppTest">
    <skipped/>
  </testcase> <!-- Test_SC_Meteo -->
  <testcase name="Test_SC_Tendance" classname="test.sctest.AppTest">
    <skipped/>
  </testcase> <!-- Test_SC_Tendance -->
  <testcase name="Test_SC_Top14" classname="test.sctest.AppTest">
    <skipped/>
  </testcase> <!-- Test_SC_Top14 -->
</testsuite> <!-- test.sctest.AppTest -->
