<?xml version="1.0" encoding="UTF-8"?>
<!-- Generated by org.testng.reporters.JUnitReportReporter -->
<testsuite hostname="CSPABOUSSELHAMI" name="test.sctest.AppTest" tests="1" failures="0" timestamp="26 Mar 2018 11:55:37 GMT" time="32.585" errors="0">
  <testcase name="Test_SC_Boutique" time="32.585" classname="test.sctest.AppTest"/>
</testsuite> <!-- test.sctest.AppTest -->
